
SQL*Loader: Release 11.2.0.1.0 - Production on Fri Oct 7 16:51:53 2016

Copyright (c) 1982, 2009, Oracle and/or its affiliates.  All rights reserved.

Control File:   Region_ctl.txt
Character Set UTF8 specified for all input.

Data File:      ../Donnees/Region.csv
  Bad File:     Region.bad
  Discard File:  none specified
 
 (Allow all discards)

Number to load: ALL
Number to skip: 0
Errors allowed: 50
Bind array:     64 rows, maximum of 256000 bytes
Continuation:    none specified
Path used:      Conventional

Table REGION, loaded from every logical record.
Insert option in effect for this table: APPEND

   Column Name                  Position   Len  Term Encl Datatype
------------------------------ ---------- ----- ---- ---- ---------------------
REG                                 FIRST     *  WHT      CHARACTER            
    SQL string for column : "to_char(:reg)"
CHEF_LIEU                            NEXT     *  WHT      CHARACTER            
    SQL string for column : "to_char(:chef_lieu)"
NOM_REG                              NEXT     *  WHT      CHARACTER            
    SQL string for column : "to_char(:nom_reg)"

Record 1: Rejected - Error on table REGION.
ORA-00001: unique constraint (LORTOLE.PK_REGION) violated

Record 2: Rejected - Error on table REGION.
ORA-00001: unique constraint (LORTOLE.PK_REGION) violated

Record 3: Rejected - Error on table REGION.
ORA-00001: unique constraint (LORTOLE.PK_REGION) violated

Record 4: Rejected - Error on table REGION.
ORA-00001: unique constraint (LORTOLE.PK_REGION) violated

Record 5: Rejected - Error on table REGION.
ORA-00001: unique constraint (LORTOLE.PK_REGION) violated

Record 6: Rejected - Error on table REGION.
ORA-00001: unique constraint (LORTOLE.PK_REGION) violated

Record 7: Rejected - Error on table REGION.
ORA-00001: unique constraint (LORTOLE.PK_REGION) violated

Record 8: Rejected - Error on table REGION.
ORA-00001: unique constraint (LORTOLE.PK_REGION) violated

Record 9: Rejected - Error on table REGION.
ORA-00001: unique constraint (LORTOLE.PK_REGION) violated

Record 10: Rejected - Error on table REGION.
ORA-00001: unique constraint (LORTOLE.PK_REGION) violated

Record 11: Rejected - Error on table REGION.
ORA-00001: unique constraint (LORTOLE.PK_REGION) violated

Record 12: Rejected - Error on table REGION.
ORA-00001: unique constraint (LORTOLE.PK_REGION) violated

Record 13: Rejected - Error on table REGION.
ORA-00001: unique constraint (LORTOLE.PK_REGION) violated

Record 14: Rejected - Error on table REGION.
ORA-00001: unique constraint (LORTOLE.PK_REGION) violated

Record 15: Rejected - Error on table REGION.
ORA-00001: unique constraint (LORTOLE.PK_REGION) violated

Record 16: Rejected - Error on table REGION.
ORA-00001: unique constraint (LORTOLE.PK_REGION) violated

Record 17: Rejected - Error on table REGION.
ORA-00001: unique constraint (LORTOLE.PK_REGION) violated

Record 18: Rejected - Error on table REGION.
ORA-00001: unique constraint (LORTOLE.PK_REGION) violated

Record 19: Rejected - Error on table REGION.
ORA-00001: unique constraint (LORTOLE.PK_REGION) violated

Record 20: Rejected - Error on table REGION.
ORA-00001: unique constraint (LORTOLE.PK_REGION) violated

Record 21: Rejected - Error on table REGION.
ORA-00001: unique constraint (LORTOLE.PK_REGION) violated

Record 22: Rejected - Error on table REGION.
ORA-00001: unique constraint (LORTOLE.PK_REGION) violated

Record 23: Rejected - Error on table REGION.
ORA-00001: unique constraint (LORTOLE.PK_REGION) violated

Record 24: Rejected - Error on table REGION.
ORA-00001: unique constraint (LORTOLE.PK_REGION) violated

Record 25: Rejected - Error on table REGION.
ORA-00001: unique constraint (LORTOLE.PK_REGION) violated

Record 26: Rejected - Error on table REGION.
ORA-00001: unique constraint (LORTOLE.PK_REGION) violated

Record 27: Rejected - Error on table REGION.
ORA-00001: unique constraint (LORTOLE.PK_REGION) violated


Table REGION:
  0 Rows successfully loaded.
  27 Rows not loaded due to data errors.
  0 Rows not loaded because all WHEN clauses were failed.
  0 Rows not loaded because all fields were null.


Space allocated for bind array:                  49536 bytes(64 rows)
Read   buffer bytes: 1048576

Total logical records skipped:          0
Total logical records read:            27
Total logical records rejected:        27
Total logical records discarded:        0

Run began on Fri Oct 07 16:51:53 2016
Run ended on Fri Oct 07 16:51:54 2016

Elapsed time was:     00:00:00.14
CPU time was:         00:00:00.01
